<?xml version="1.0" encoding="UTF-8"?>
<!-- Generated by org.testng.reporters.JUnitReportReporter -->
<testsuite hostname="EC2AMAZ-EHR6SVV" failures="0" tests="1" name="com.Notes.create_Token" time="3.366" errors="0" timestamp="2024-12-19T12:13:37 IST" skipped="0">
  <testcase classname="com.Notes.create_Token" name="getToken" time="3.366"/>
  <system-out/>
</testsuite> <!-- com.Notes.create_Token -->
