<?xml version="1.0" encoding="UTF-8"?>
<!-- Generated by org.testng.reporters.JUnitReportReporter -->
<testsuite hostname="EC2AMAZ-EHR6SVV" failures="0" tests="3" name="com.Notes.GraphQL_QueryTest" time="4.791" errors="0" timestamp="2024-12-26T10:14:30 IST" skipped="2">
  <testcase classname="com.Notes.GraphQL_QueryTest" name="getPokemonDetails" time="4.791"/>
  <system-out/>
  <testcase classname="com.Notes.GraphQL_QueryTest" name="getAllFilmsTest">
    <skipped/>
  </testcase> <!-- getAllFilmsTest -->
  <system-out/>
  <testcase classname="com.Notes.GraphQL_QueryTest" name="postPokemonAPI">
    <skipped/>
  </testcase> <!-- postPokemonAPI -->
  <system-out/>
</testsuite> <!-- com.Notes.GraphQL_QueryTest -->
