<?xml version="1.0" encoding="UTF-8"?>
<!-- Generated by org.testng.reporters.JUnitReportReporter -->
<testsuite hostname="EC2AMAZ-EHR6SVV" failures="0" tests="1" name="com.Notes.Delete_Notes" time="0.441" errors="0" timestamp="2024-12-23T12:49:49 IST" skipped="0">
  <testcase classname="com.Notes.Delete_Notes" name="createNotes" time="0.441"/>
  <system-out/>
</testsuite> <!-- com.Notes.Delete_Notes -->
