<?xml version="1.0" encoding="UTF-8"?>
<!-- Generated by org.testng.reporters.JUnitReportReporter -->
<testsuite hostname="EC2AMAZ-EHR6SVV" failures="0" tests="1" name="com.Notes.Create_Unique_Notes" time="0.481" errors="0" timestamp="2024-12-20T12:11:33 IST" skipped="0">
  <testcase classname="com.Notes.Create_Unique_Notes" name="createNotes" time="0.481"/>
  <system-out/>
</testsuite> <!-- com.Notes.Create_Unique_Notes -->
