<?xml version="1.0" encoding="UTF-8"?>
<!-- Generated by org.testng.reporters.JUnitReportReporter -->
<testsuite hostname="EC2AMAZ-EHR6SVV" failures="0" tests="8" name="com.Notes.All_Login" time="2.819" errors="0" timestamp="2024-12-23T12:49:49 IST" skipped="0">
  <testcase classname="com.Notes.All_Login" name="Login_All" time="0.332"/>
  <system-out/>
  <testcase classname="com.Notes.All_Login" name="Login_All" time="0.329"/>
  <system-out/>
  <testcase classname="com.Notes.All_Login" name="Login_All" time="0.329"/>
  <system-out/>
  <testcase classname="com.Notes.All_Login" name="Login_All" time="0.335"/>
  <system-out/>
  <testcase classname="com.Notes.All_Login" name="Login_All" time="0.318"/>
  <system-out/>
  <testcase classname="com.Notes.All_Login" name="Login_All" time="0.506"/>
  <system-out/>
  <testcase classname="com.Notes.All_Login" name="Login_All" time="0.342"/>
  <system-out/>
  <testcase classname="com.Notes.All_Login" name="Login_All" time="0.328"/>
  <system-out/>
</testsuite> <!-- com.Notes.All_Login -->
