<?xml version="1.0" encoding="UTF-8"?>
<!-- Generated by org.testng.reporters.JUnitReportReporter -->
<testsuite hostname="EC2AMAZ-EHR6SVV" failures="0" tests="1" name="com.Countries.Default_Countries" time="2.350" errors="0" timestamp="2024-12-19T11:43:30 IST" skipped="0">
  <testcase classname="com.Countries.Default_Countries" name="Default_Countries" time="2.350"/>
  <system-out/>
</testsuite> <!-- com.Countries.Default_Countries -->
