<?xml version="1.0" encoding="UTF-8"?>
<!-- Generated by org.testng.reporters.JUnitReportReporter -->
<testsuite hostname="EC2AMAZ-EHR6SVV" failures="0" tests="1" name="com.Notes.Create_Notes_UsingBase_and_File" time="0.456" errors="0" timestamp="2024-12-23T12:49:49 IST" skipped="0">
  <testcase classname="com.Notes.Create_Notes_UsingBase_and_File" name="createNotes" time="0.456"/>
  <system-out/>
</testsuite> <!-- com.Notes.Create_Notes_UsingBase_and_File -->
