<?xml version="1.0" encoding="UTF-8"?>
<!-- Generated by org.testng.reporters.JUnitReportReporter -->
<testsuite hostname="EC2AMAZ-EHR6SVV" failures="0" tests="3" name="com.Notes.update_Notes" time="1.550" errors="0" timestamp="2024-12-23T12:49:49 IST" skipped="0">
  <testcase classname="com.Notes.update_Notes" name="createNotes" time="0.684"/>
  <system-out/>
  <testcase classname="com.Notes.update_Notes" name="updateNotes" time="0.429"/>
  <system-out/>
  <testcase classname="com.Notes.update_Notes" name="deleteNotes" time="0.437"/>
  <system-out/>
</testsuite> <!-- com.Notes.update_Notes -->
