<?xml version="1.0" encoding="UTF-8"?>
<!-- Generated by org.testng.reporters.JUnitReportReporter -->
<testsuite hostname="EC2AMAZ-EHR6SVV" failures="0" tests="3" name="com.Notes.Notes_AllTC" time="1.324" errors="0" timestamp="2024-12-23T12:49:49 IST" skipped="0">
  <testcase classname="com.Notes.Notes_AllTC" name="createNotes_TCS" time="0.432"/>
  <system-out/>
  <testcase classname="com.Notes.Notes_AllTC" name="createNotes_TCS" time="0.444"/>
  <system-out/>
  <testcase classname="com.Notes.Notes_AllTC" name="createNotes_TCS" time="0.448"/>
  <system-out/>
</testsuite> <!-- com.Notes.Notes_AllTC -->
