<?xml version="1.0" encoding="UTF-8"?>
<!-- Generated by org.testng.reporters.JUnitReportReporter -->
<testsuite hostname="EC2AMAZ-EHR6SVV" failures="0" tests="1" name="com.Notes.Create_Notes_Using_File" time="0.458" errors="0" timestamp="2024-12-23T12:29:08 IST" skipped="0">
  <testcase classname="com.Notes.Create_Notes_Using_File" name="createNotes" time="0.458"/>
  <system-out/>
</testsuite> <!-- com.Notes.Create_Notes_Using_File -->
