<?xml version="1.0" encoding="UTF-8"?>
<!-- Generated by org.testng.reporters.JUnitReportReporter -->
<testsuite hostname="EC2AMAZ-EHR6SVV" failures="0" tests="5" name="com.Notes.Notes_NegativeScenario" time="1.795" errors="0" timestamp="2024-12-23T12:49:49 IST" skipped="0">
  <testcase classname="com.Notes.Notes_NegativeScenario" name="createNotes_TCS" time="0.352"/>
  <system-out/>
  <testcase classname="com.Notes.Notes_NegativeScenario" name="createNotes_TCS" time="0.365"/>
  <system-out/>
  <testcase classname="com.Notes.Notes_NegativeScenario" name="createNotes_TCS" time="0.358"/>
  <system-out/>
  <testcase classname="com.Notes.Notes_NegativeScenario" name="createNotes_TCS" time="0.372"/>
  <system-out/>
  <testcase classname="com.Notes.Notes_NegativeScenario" name="createNotes_TCS" time="0.348"/>
  <system-out/>
</testsuite> <!-- com.Notes.Notes_NegativeScenario -->
