<?xml version="1.0" encoding="UTF-8"?>
<!-- Generated by org.testng.reporters.JUnitReportReporter -->
<testsuite hostname="EC2AMAZ-EHR6SVV" failures="0" tests="1" name="com.Countries.India_Country" time="3.125" errors="0" timestamp="2024-12-19T11:52:53 IST" skipped="0">
  <testcase classname="com.Countries.India_Country" name="India_Country" time="3.125"/>
  <system-out/>
</testsuite> <!-- com.Countries.India_Country -->
