<?xml version="1.0" encoding="UTF-8"?>
<!-- Generated by org.testng.reporters.JUnitReportReporter -->
<testsuite hostname="EC2AMAZ-EHR6SVV" failures="0" tests="1" name="com.Notes.Get_Soap_Request" time="2.817" errors="0" timestamp="2024-12-23T09:36:41 IST" skipped="0">
  <testcase classname="com.Notes.Get_Soap_Request" name="post_Add_Method" time="2.817"/>
  <system-out/>
</testsuite> <!-- com.Notes.Get_Soap_Request -->
