<?xml version="1.0" encoding="UTF-8"?>
<!-- Generated by org.testng.reporters.JUnitReportReporter -->
<testsuite hostname="EC2AMAZ-EHR6SVV" failures="0" tests="1" name="com.Notes.create_Notes" time="0.500" errors="0" timestamp="2024-12-19T12:24:08 IST" skipped="0">
  <testcase classname="com.Notes.create_Notes" name="createNotes" time="0.500"/>
  <system-out/>
</testsuite> <!-- com.Notes.create_Notes -->
